<?xml version="1.0" encoding="UTF-8"?>
<testsuite xmlns:xsi="http://www.w3.org/2001/XMLSchema-instance" xsi:noNamespaceSchemaLocation="https://maven.apache.org/surefire/maven-surefire-plugin/xsd/surefire-test-report.xsd" version="3.0.2" name="tn.esprit.spring.imenbouchriha4twin6.ImenBouchriha4Twin6ApplicationTests" time="5.807" tests="1" errors="0" skipped="0" failures="0">
  <properties>
[...]
</properties>
  <testcase name="contextLoads" classname="tn.esprit.spring.imenbouchriha4twin6.ImenBouchriha4Twin6ApplicationTests" time="0.75">
    <system-out><![CDATA[20:35:36.420 [main] INFO org.springframework.test.context.support.AnnotationConfigContextLoaderUtils -- Could not detect default configuration classes for test class [tn.esprit.spring.imenbouchriha4twin6.ImenBouchriha4Twin6ApplicationTests]: ImenBouchriha4Twin6ApplicationTests does not declare any static, non-private, non-final, nested classes annotated with @Configuration.
20:35:36.566 [main] INFO org.springframework.boot.test.context.SpringBootTestContextBootstrapper -- Found @SpringBootConfiguration tn.esprit.spring.imenbouchriha4twin6.ImenBouchriha4Twin6Application for test class tn.esprit.spring.imenbouchriha4twin6.ImenBouchriha4Twin6ApplicationTests

  .   ____          _            __ _ _
 /\\ / ___'_ __ _ _(_)_ __  __ _ \ \ \ \
( ( )\___ | '_ | '_| | '_ \/ _` | \ \ \ \
 \\/  ___)| |_)| | | | | || (_| |  ) ) ) )
  '  |____| .__|_| |_|_| |_\__, | / / / /
 =========|_|==============|___/=/_/_/_/

 :: Spring Boot ::                (v3.4.9)

2025-09-17T20:35:37.111+01:00  INFO 11532 --- [ImenBouchriha4Twin6] [           main] .s.i.ImenBouchriha4Twin6ApplicationTests : Starting ImenBouchriha4Twin6ApplicationTests using Java 17.0.16 with PID 11532 (started by DELL in C:\Users\DELL\IdeaProjects\ImenBouchriha4Twin6)
2025-09-17T20:35:37.115+01:00  INFO 11532 --- [ImenBouchriha4Twin6] [           main] .s.i.ImenBouchriha4Twin6ApplicationTests : No active profile set, falling back to 1 default profile: "default"
2025-09-17T20:35:37.978+01:00  INFO 11532 --- [ImenBouchriha4Twin6] [           main] .s.d.r.c.RepositoryConfigurationDelegate : Bootstrapping Spring Data JPA repositories in DEFAULT mode.
2025-09-17T20:35:38.008+01:00  INFO 11532 --- [ImenBouchriha4Twin6] [           main] .s.d.r.c.RepositoryConfigurationDelegate : Finished Spring Data repository scanning in 19 ms. Found 0 JPA repository interfaces.
2025-09-17T20:35:38.484+01:00  INFO 11532 --- [ImenBouchriha4Twin6] [           main] com.zaxxer.hikari.HikariDataSource       : HikariPool-1 - Starting...
2025-09-17T20:35:39.468+01:00  INFO 11532 --- [ImenBouchriha4Twin6] [           main] com.zaxxer.hikari.pool.HikariPool        : HikariPool-1 - Added connection com.mysql.cj.jdbc.ConnectionImpl@47248a48
2025-09-17T20:35:39.470+01:00  INFO 11532 --- [ImenBouchriha4Twin6] [           main] com.zaxxer.hikari.HikariDataSource       : HikariPool-1 - Start completed.
2025-09-17T20:35:39.528+01:00  INFO 11532 --- [ImenBouchriha4Twin6] [           main] o.hibernate.jpa.internal.util.LogHelper  : HHH000204: Processing PersistenceUnitInfo [name: default]
2025-09-17T20:35:39.586+01:00  INFO 11532 --- [ImenBouchriha4Twin6] [           main] org.hibernate.Version                    : HHH000412: Hibernate ORM core version 6.6.26.Final
2025-09-17T20:35:39.623+01:00  INFO 11532 --- [ImenBouchriha4Twin6] [           main] o.h.c.internal.RegionFactoryInitiator    : HHH000026: Second-level cache disabled
2025-09-17T20:35:40.023+01:00  INFO 11532 --- [ImenBouchriha4Twin6] [           main] o.s.o.j.p.SpringPersistenceUnitInfo      : No LoadTimeWeaver setup: ignoring JPA class transformer
2025-09-17T20:35:40.122+01:00  WARN 11532 --- [ImenBouchriha4Twin6] [           main] org.hibernate.dialect.Dialect            : HHH000511: The 5.5.5 version for [org.hibernate.dialect.MySQLDialect] is no longer supported, hence certain features may not work properly. The minimum supported version is 8.0.0. Check the community dialects project for available legacy versions.
2025-09-17T20:35:40.146+01:00  INFO 11532 --- [ImenBouchriha4Twin6] [           main] org.hibernate.orm.connections.pooling    : HHH10001005: Database info:
	Database JDBC URL [Connecting through datasource 'HikariDataSource (HikariPool-1)']
	Database driver: undefined/unknown
	Database version: 5.5.5
	Autocommit mode: undefined/unknown
	Isolation level: undefined/unknown
	Minimum pool size: undefined/unknown
	Maximum pool size: undefined/unknown
2025-09-17T20:35:40.466+01:00  INFO 11532 --- [ImenBouchriha4Twin6] [           main] o.h.e.t.j.p.i.JtaPlatformInitiator       : HHH000489: No JTA platform available (set 'hibernate.transaction.jta.platform' to enable JTA platform integration)
2025-09-17T20:35:40.471+01:00  INFO 11532 --- [ImenBouchriha4Twin6] [           main] j.LocalContainerEntityManagerFactoryBean : Initialized JPA EntityManagerFactory for persistence unit 'default'
2025-09-17T20:35:40.683+01:00  WARN 11532 --- [ImenBouchriha4Twin6] [           main] JpaBaseConfiguration$JpaWebConfiguration : spring.jpa.open-in-view is enabled by default. Therefore, database queries may be performed during view rendering. Explicitly configure spring.jpa.open-in-view to disable this warning
2025-09-17T20:35:41.311+01:00  INFO 11532 --- [ImenBouchriha4Twin6] [           main] .s.i.ImenBouchriha4Twin6ApplicationTests : Started ImenBouchriha4Twin6ApplicationTests in 4.543 seconds (process running for 5.632)
]]></system-out>
  </testcase>
</testsuite>